  1.cpp
  2-1.cpp
C:\Users\User\source\repos\ADIP_HW2\ADIP_HW2\2-1.cpp(24,47): warning C4244: '=': 將 'double' 轉換為 'float'，由於類型不同，可能導致資料遺失
C:\Users\User\source\repos\ADIP_HW2\ADIP_HW2\2-1.cpp(104,26): warning C4244: '=': 將 'float' 轉換為 'int'，由於類型不同，可能導致資料遺失
C:\Users\User\source\repos\ADIP_HW2\ADIP_HW2\2-1.cpp(149,26): warning C4244: '=': 將 'float' 轉換為 'int'，由於類型不同，可能導致資料遺失
  2-2.cpp
C:\Users\User\source\repos\ADIP_HW2\ADIP_HW2\2-2.cpp(225,30): warning C4244: '=': 將 'double' 轉換為 'unsigned char'，由於類型不同，可能導致資料遺失
C:\Users\User\source\repos\ADIP_HW2\ADIP_HW2\2-2.cpp(269,30): warning C4244: '=': 將 'double' 轉換為 'unsigned char'，由於類型不同，可能導致資料遺失
C:\Users\User\source\repos\ADIP_HW2\ADIP_HW2\2-2.cpp(305,30): warning C4244: '=': 將 'double' 轉換為 'unsigned char'，由於類型不同，可能導致資料遺失
C:\Users\User\source\repos\ADIP_HW2\ADIP_HW2\2-2.cpp(423,30): warning C4244: '=': 將 'double' 轉換為 'unsigned char'，由於類型不同，可能導致資料遺失
C:\Users\User\source\repos\ADIP_HW2\ADIP_HW2\2-2.cpp(462,30): warning C4244: '=': 將 'double' 轉換為 'unsigned char'，由於類型不同，可能導致資料遺失
C:\Users\User\source\repos\ADIP_HW2\ADIP_HW2\2-2.cpp(491,30): warning C4244: '=': 將 'double' 轉換為 'unsigned char'，由於類型不同，可能導致資料遺失
C:\Users\User\source\repos\ADIP_HW2\ADIP_HW2\2-2.cpp(114,20): warning C4101: 'a': 未參考的區域變數
C:\Users\User\source\repos\ADIP_HW2\ADIP_HW2\2-2.cpp(114,23): warning C4101: 'b': 未參考的區域變數
C:\Users\User\source\repos\ADIP_HW2\ADIP_HW2\2-2.cpp(114,26): warning C4101: 'c': 未參考的區域變數
C:\Users\User\source\repos\ADIP_HW2\ADIP_HW2\2-2.cpp(114,29): warning C4101: 'd': 未參考的區域變數
C:\Users\User\source\repos\ADIP_HW2\ADIP_HW2\2-2.cpp(145,20): warning C4101: 'a': 未參考的區域變數
C:\Users\User\source\repos\ADIP_HW2\ADIP_HW2\2-2.cpp(145,23): warning C4101: 'b': 未參考的區域變數
C:\Users\User\source\repos\ADIP_HW2\ADIP_HW2\2-2.cpp(145,26): warning C4101: 'c': 未參考的區域變數
C:\Users\User\source\repos\ADIP_HW2\ADIP_HW2\2-2.cpp(145,29): warning C4101: 'd': 未參考的區域變數
C:\Users\User\source\repos\ADIP_HW2\ADIP_HW2\2-2.cpp(169,20): warning C4101: 'a': 未參考的區域變數
C:\Users\User\source\repos\ADIP_HW2\ADIP_HW2\2-2.cpp(169,23): warning C4101: 'b': 未參考的區域變數
C:\Users\User\source\repos\ADIP_HW2\ADIP_HW2\2-2.cpp(169,26): warning C4101: 'c': 未參考的區域變數
C:\Users\User\source\repos\ADIP_HW2\ADIP_HW2\2-2.cpp(169,29): warning C4101: 'd': 未參考的區域變數
C:\Users\User\source\repos\ADIP_HW2\ADIP_HW2\2-2.cpp(200,20): warning C4101: 'ave': 未參考的區域變數
C:\Users\User\source\repos\ADIP_HW2\ADIP_HW2\2-2.cpp(199,29): warning C4101: 'd': 未參考的區域變數
C:\Users\User\source\repos\ADIP_HW2\ADIP_HW2\2-2.cpp(246,20): warning C4101: 'ave': 未參考的區域變數
C:\Users\User\source\repos\ADIP_HW2\ADIP_HW2\2-2.cpp(245,29): warning C4101: 'd': 未參考的區域變數
C:\Users\User\source\repos\ADIP_HW2\ADIP_HW2\2-2.cpp(281,20): warning C4101: 'ave': 未參考的區域變數
C:\Users\User\source\repos\ADIP_HW2\ADIP_HW2\2-2.cpp(280,29): warning C4101: 'd': 未參考的區域變數
C:\Users\User\source\repos\ADIP_HW2\ADIP_HW2\2-2.cpp(320,20): warning C4101: 'a': 未參考的區域變數
C:\Users\User\source\repos\ADIP_HW2\ADIP_HW2\2-2.cpp(320,23): warning C4101: 'b': 未參考的區域變數
C:\Users\User\source\repos\ADIP_HW2\ADIP_HW2\2-2.cpp(320,26): warning C4101: 'c': 未參考的區域變數
C:\Users\User\source\repos\ADIP_HW2\ADIP_HW2\2-2.cpp(320,29): warning C4101: 'd': 未參考的區域變數
C:\Users\User\source\repos\ADIP_HW2\ADIP_HW2\2-2.cpp(354,20): warning C4101: 'a': 未參考的區域變數
C:\Users\User\source\repos\ADIP_HW2\ADIP_HW2\2-2.cpp(354,23): warning C4101: 'b': 未參考的區域變數
C:\Users\User\source\repos\ADIP_HW2\ADIP_HW2\2-2.cpp(354,26): warning C4101: 'c': 未參考的區域變數
C:\Users\User\source\repos\ADIP_HW2\ADIP_HW2\2-2.cpp(354,29): warning C4101: 'd': 未參考的區域變數
C:\Users\User\source\repos\ADIP_HW2\ADIP_HW2\2-2.cpp(378,20): warning C4101: 'a': 未參考的區域變數
C:\Users\User\source\repos\ADIP_HW2\ADIP_HW2\2-2.cpp(378,23): warning C4101: 'b': 未參考的區域變數
C:\Users\User\source\repos\ADIP_HW2\ADIP_HW2\2-2.cpp(378,26): warning C4101: 'c': 未參考的區域變數
C:\Users\User\source\repos\ADIP_HW2\ADIP_HW2\2-2.cpp(378,29): warning C4101: 'd': 未參考的區域變數
C:\Users\User\source\repos\ADIP_HW2\ADIP_HW2\2-2.cpp(405,26): warning C4101: 'ave': 未參考的區域變數
C:\Users\User\source\repos\ADIP_HW2\ADIP_HW2\2-2.cpp(444,29): warning C4101: 'ave': 未參考的區域變數
C:\Users\User\source\repos\ADIP_HW2\ADIP_HW2\2-2.cpp(473,29): warning C4101: 'ave': 未參考的區域變數
  2-3.cpp
C:\Users\User\source\repos\ADIP_HW2\ADIP_HW2\2-3.cpp(31,18): warning C4244: '=': 將 'double' 轉換為 'float'，由於類型不同，可能導致資料遺失
C:\Users\User\source\repos\ADIP_HW2\ADIP_HW2\2-3.cpp(32,18): warning C4244: '=': 將 'double' 轉換為 'float'，由於類型不同，可能導致資料遺失
C:\Users\User\source\repos\ADIP_HW2\ADIP_HW2\2-3.cpp(33,18): warning C4244: '=': 將 'double' 轉換為 'float'，由於類型不同，可能導致資料遺失
C:\Users\User\source\repos\ADIP_HW2\ADIP_HW2\2-3.cpp(36,28): warning C4244: '=': 將 'double' 轉換為 'float'，由於類型不同，可能導致資料遺失
C:\Users\User\source\repos\ADIP_HW2\ADIP_HW2\2-3.cpp(37,31): warning C4244: '=': 將 'double' 轉換為 'float'，由於類型不同，可能導致資料遺失
C:\Users\User\source\repos\ADIP_HW2\ADIP_HW2\2-3.cpp(38,30): warning C4244: '=': 將 'double' 轉換為 'float'，由於類型不同，可能導致資料遺失
C:\Users\User\source\repos\ADIP_HW2\ADIP_HW2\2-3.cpp(39,25): warning C4244: '=': 將 'double' 轉換為 'float'，由於類型不同，可能導致資料遺失
C:\Users\User\source\repos\ADIP_HW2\ADIP_HW2\2-3.cpp(41,10): warning C4244: '=': 將 'double' 轉換為 'float'，由於類型不同，可能導致資料遺失
C:\Users\User\source\repos\ADIP_HW2\ADIP_HW2\2-3.cpp(42,10): warning C4244: '=': 將 'double' 轉換為 'float'，由於類型不同，可能導致資料遺失
C:\Users\User\source\repos\ADIP_HW2\ADIP_HW2\2-3.cpp(43,10): warning C4244: '=': 將 'double' 轉換為 'float'，由於類型不同，可能導致資料遺失
C:\Users\User\source\repos\ADIP_HW2\ADIP_HW2\2-3.cpp(49,124): warning C4244: '=': 將 'double' 轉換為 'float'，由於類型不同，可能導致資料遺失
C:\Users\User\source\repos\ADIP_HW2\ADIP_HW2\2-3.cpp(123,40): warning C4244: '=': 將 'float' 轉換為 'unsigned char'，由於類型不同，可能導致資料遺失
C:\Users\User\source\repos\ADIP_HW2\ADIP_HW2\2-3.cpp(143,40): warning C4244: '=': 將 'float' 轉換為 'unsigned char'，由於類型不同，可能導致資料遺失
C:\Users\User\source\repos\ADIP_HW2\ADIP_HW2\2-3.cpp(65,19): warning C4101: 'nEndTime': 未參考的區域變數
C:\Users\User\source\repos\ADIP_HW2\ADIP_HW2\2-3.cpp(64,19): warning C4101: 'nBeginTime': 未參考的區域變數
C:\Users\User\source\repos\ADIP_HW2\ADIP_HW2\2-3.cpp(119,17): warning C4101: 'y_pos': 未參考的區域變數
C:\Users\User\source\repos\ADIP_HW2\ADIP_HW2\2-3.cpp(119,23): warning C4101: 'x_pos': 未參考的區域變數
C:\Users\User\source\repos\ADIP_HW2\ADIP_HW2\2-3.cpp(136,17): warning C4101: 'y_pos': 未參考的區域變數
C:\Users\User\source\repos\ADIP_HW2\ADIP_HW2\2-3.cpp(136,24): warning C4101: 'x_pos': 未參考的區域變數
  3.cpp
  4.cpp
C:\Users\User\source\repos\ADIP_HW2\ADIP_HW2\4.cpp(41,25): warning C4101: 'dis_Dm': 未參考的區域變數
C:\Users\User\source\repos\ADIP_HW2\ADIP_HW2\4.cpp(41,9): warning C4101: 'dis_D4': 未參考的區域變數
C:\Users\User\source\repos\ADIP_HW2\ADIP_HW2\4.cpp(41,17): warning C4101: 'dis_D8': 未參考的區域變數
  Source.cpp
  正在產生程式碼
  0 of 26 functions ( 0.0%) were compiled, the rest were copied from previous compilation.
    0 functions were new in current compilation
    7 functions had inline decision re-evaluated but remain unchanged
  已完成程式碼產生
  ADIP_HW2.vcxproj -> C:\Users\User\source\repos\ADIP_HW2\x64\Release\ADIP_HW2.exe
