  3-3-3.cpp
C:\VS_Library\opencv\build\include\opencv2\core.hpp(1746,1): warning C4819: 檔案含有無法在目前字碼頁 (950) 中表示的字元。請以 Unicode 格式儲存檔案以防止資料遺失
C:\VS_Library\opencv\build\include\opencv2\core.hpp(1746,1): warning C4819: 檔案含有無法在目前字碼頁 (950) 中表示的字元。請以 Unicode 格式儲存檔案以防止資料遺失
C:\VS_Library\opencv\build\include\opencv2\core.hpp(1746,1): warning C4819: 檔案含有無法在目前字碼頁 (950) 中表示的字元。請以 Unicode 格式儲存檔案以防止資料遺失
C:\Users\User\source\repos\ADIP_HW3\ADIP_HW3\3-3-3.cpp(137,48): warning C4244: '引數': 將 '_Tp' 轉換為 '_Tp'，由於類型不同，可能導致資料遺失
          with
          [
              _Tp=double
          ]
          and
          [
              _Tp=int
          ]
C:\Users\User\source\repos\ADIP_HW3\ADIP_HW3\3-3-3.cpp(144,49): warning C4244: '引數': 將 '_Tp' 轉換為 '_Tp'，由於類型不同，可能導致資料遺失
          with
          [
              _Tp=double
          ]
          and
          [
              _Tp=int
          ]
C:\Users\User\source\repos\ADIP_HW3\ADIP_HW3\3-3-3.cpp(151,49): warning C4244: '引數': 將 '_Tp' 轉換為 '_Tp'，由於類型不同，可能導致資料遺失
          with
          [
              _Tp=double
          ]
          and
          [
              _Tp=int
          ]
C:\Users\User\source\repos\ADIP_HW3\ADIP_HW3\3-3-3.cpp(199,51): warning C4244: '引數': 將 '_Tp' 轉換為 '_Tp'，由於類型不同，可能導致資料遺失
          with
          [
              _Tp=double
          ]
          and
          [
              _Tp=int
          ]
C:\Users\User\source\repos\ADIP_HW3\ADIP_HW3\3-3-3.cpp(244,51): warning C4244: '引數': 將 '_Tp' 轉換為 '_Tp'，由於類型不同，可能導致資料遺失
          with
          [
              _Tp=double
          ]
          and
          [
              _Tp=int
          ]
C:\Users\User\source\repos\ADIP_HW3\ADIP_HW3\3-3-3.cpp(37,12): warning C4101: 'HIS1_2': 未參考的區域變數
C:\Users\User\source\repos\ADIP_HW3\ADIP_HW3\3-3-3.cpp(24,55): warning C4101: 'input_file_2': 未參考的區域變數
C:\Users\User\source\repos\ADIP_HW3\ADIP_HW3\3-3-3.cpp(36,12): warning C4101: 'HIS1_1': 未參考的區域變數
  正在產生程式碼
  8 of 116 functions ( 6.9%) were compiled, the rest were copied from previous compilation.
    0 functions were new in current compilation
    4 functions had inline decision re-evaluated but remain unchanged
  已完成程式碼產生
  ADIP_HW3.vcxproj -> C:\Users\User\source\repos\ADIP_HW3\x64\Release\ADIP_HW3.exe
