  4_1_1.cpp
  4_1_2.cpp
C:\Users\User\source\repos\ADIP_HW4\ADIP_HW4\4_1_2.cpp(21,11): warning C4101: 'output_file': 未參考的區域變數
  4_2_1.cpp
C:\VS_Library\opencv\build\include\opencv2\core.hpp(1746,1): warning C4819: 檔案含有無法在目前字碼頁 (950) 中表示的字元。請以 Unicode 格式儲存檔案以防止資料遺失
C:\VS_Library\opencv\build\include\opencv2\core.hpp(1746,1): warning C4819: 檔案含有無法在目前字碼頁 (950) 中表示的字元。請以 Unicode 格式儲存檔案以防止資料遺失
C:\VS_Library\opencv\build\include\opencv2\core.hpp(1746,1): warning C4819: 檔案含有無法在目前字碼頁 (950) 中表示的字元。請以 Unicode 格式儲存檔案以防止資料遺失
C:\VS_Library\opencv\build\include\opencv2\calib3d.hpp(1,1): warning C4819: 檔案含有無法在目前字碼頁 (950) 中表示的字元。請以 Unicode 格式儲存檔案以防止資料遺失
C:\Users\User\source\repos\ADIP_HW4\ADIP_HW4\4_2_1.cpp(78,48): warning C4244: '引數': 將 '_Tp' 轉換為 '_Tp'，由於類型不同，可能導致資料遺失
          with
          [
              _Tp=double
          ]
          and
          [
              _Tp=int
          ]
C:\Users\User\source\repos\ADIP_HW4\ADIP_HW4\4_2_1.cpp(25,11): warning C4101: 'output_file': 未參考的區域變數
  4_2_2.cpp
C:\Users\User\source\repos\ADIP_HW4\ADIP_HW4\4_2_2.cpp(20,11): warning C4101: 'output_file': 未參考的區域變數
  4_2_3.cpp
C:\Users\User\source\repos\ADIP_HW4\ADIP_HW4\4_2_3.cpp(19,25): warning C4101: 'input_file2': 未參考的區域變數
C:\Users\User\source\repos\ADIP_HW4\ADIP_HW4\4_2_3.cpp(20,11): warning C4101: 'output_file': 未參考的區域變數
  4_3.cpp
C:\VS_Library\opencv\build\include\opencv2\core.hpp(1746,1): warning C4819: 檔案含有無法在目前字碼頁 (950) 中表示的字元。請以 Unicode 格式儲存檔案以防止資料遺失
C:\VS_Library\opencv\build\include\opencv2\core.hpp(1746,1): warning C4819: 檔案含有無法在目前字碼頁 (950) 中表示的字元。請以 Unicode 格式儲存檔案以防止資料遺失
C:\VS_Library\opencv\build\include\opencv2\core.hpp(1746,1): warning C4819: 檔案含有無法在目前字碼頁 (950) 中表示的字元。請以 Unicode 格式儲存檔案以防止資料遺失
C:\VS_Library\opencv\build\include\opencv2\calib3d.hpp(1,1): warning C4819: 檔案含有無法在目前字碼頁 (950) 中表示的字元。請以 Unicode 格式儲存檔案以防止資料遺失
C:\Users\User\source\repos\ADIP_HW4\ADIP_HW4\4_3.cpp(70,48): warning C4244: '引數': 將 '_Tp' 轉換為 '_Tp'，由於類型不同，可能導致資料遺失
          with
          [
              _Tp=double
          ]
          and
          [
              _Tp=int
          ]
C:\Users\User\source\repos\ADIP_HW4\ADIP_HW4\4_3.cpp(24,25): warning C4101: 'input_file2': 未參考的區域變數
C:\Users\User\source\repos\ADIP_HW4\ADIP_HW4\4_3.cpp(25,11): warning C4101: 'output_file': 未參考的區域變數
  Source.cpp
C:\Users\User\source\repos\ADIP_HW4\ADIP_HW4\Source.cpp(20,9): warning C4101: 'sel': 未參考的區域變數
  functions.cpp
  正在產生程式碼...
C:\Program Files\Microsoft Visual Studio\2022\Community\MSBuild\Microsoft\VC\v170\Microsoft.CppBuild.targets(1371,5): warning MSB8012: TargetPath(C:\Users\User\source\repos\ADIP_HW4\x64\Debug\ADIP_HW4.exe) 與 Linker 的 OutputFile 屬性值 (C:\Users\User\source\repos\ADIP_HW4\ADIP_HW4\opencv_world460d.lib) 不相符。這可能會導致您的專案建置不正確。若要改正這種情況，請確認 $(OutDir)、$(TargetName) 和 $(TargetExt) 屬性值必須與 %(Link.OutputFile) 中指定的值相符。
C:\Program Files\Microsoft Visual Studio\2022\Community\MSBuild\Microsoft\VC\v170\Microsoft.CppBuild.targets(1372,5): warning MSB8012: TargetExt(.exe) 與 Linker 的 OutputFile 屬性值 (.lib) 不相符。這可能會導致您的專案建置不正確。若要改正這種情況，請確認 $(OutDir)、$(TargetName) 和 $(TargetExt) 屬性值必須與 %(Link.OutputFile) 中指定的值相符。
C:\Program Files\Microsoft Visual Studio\2022\Community\MSBuild\Microsoft\VC\v170\Microsoft.CppBuild.targets(1373,5): warning MSB8012: TargetName(ADIP_HW4) 與 Linker 的 OutputFile 屬性值 (opencv_world460d) 不相符。這可能會導致您的專案建置不正確。若要改正這種情況，請確認 $(OutDir)、$(TargetName) 和 $(TargetExt) 屬性值必須與 %(Link.OutputFile) 中指定的值相符。
4_2_1.obj : error LNK2019: 在函式 "void __cdecl cv::error(int,class std::basic_string<char,struct std::char_traits<char>,class std::allocator<char> > const &,char const *,char const *,int)" (?error@cv@@YAXHAEBV?$basic_string@DU?$char_traits@D@std@@V?$allocator@D@2@@std@@PEBD1H@Z)"public: double & __cdecl cv::Mat::at<double>(int)" (??$at@N@Mat@cv@@QEAAAEANH@Z) 中參考了無法解析的外部符號
4_3.obj : error LNK2001: 無法解析的外部符號 "void __cdecl cv::error(int,class std::basic_string<char,struct std::char_traits<char>,class std::allocator<char> > const &,char const *,char const *,int)" (?error@cv@@YAXHAEBV?$basic_string@DU?$char_traits@D@std@@V?$allocator@D@2@@std@@PEBD1H@Z)
4_2_1.obj : error LNK2019: 在函式 "public: __cdecl cv::Mat::Mat(void)" (??0Mat@cv@@QEAA@XZ)"public: void __cdecl W::MY_HW4::HW4_2_1(void)" (?HW4_2_1@MY_HW4@W@@QEAAXXZ) 中參考了無法解析的外部符號
4_3.obj : error LNK2001: 無法解析的外部符號 "public: __cdecl cv::Mat::Mat(void)" (??0Mat@cv@@QEAA@XZ)
4_2_1.obj : error LNK2019: 在函式 "public: __cdecl cv::Mat::Mat(int,int,int,class cv::Scalar_<double> const &)" (??0Mat@cv@@QEAA@HHHAEBV?$Scalar_@N@1@@Z)"public: void __cdecl W::MY_HW4::HW4_2_1(void)" (?HW4_2_1@MY_HW4@W@@QEAAXXZ) 中參考了無法解析的外部符號
4_3.obj : error LNK2001: 無法解析的外部符號 "public: __cdecl cv::Mat::Mat(int,int,int,class cv::Scalar_<double> const &)" (??0Mat@cv@@QEAA@HHHAEBV?$Scalar_@N@1@@Z)
4_2_1.obj : error LNK2019: 在函式 "public: __cdecl cv::Mat::Mat(int,int,int,void *,unsigned __int64)" (??0Mat@cv@@QEAA@HHHPEAX_K@Z)"public: void __cdecl W::MY_HW4::HW4_2_1(void)" (?HW4_2_1@MY_HW4@W@@QEAAXXZ) 中參考了無法解析的外部符號
4_3.obj : error LNK2001: 無法解析的外部符號 "public: __cdecl cv::Mat::Mat(int,int,int,void *,unsigned __int64)" (??0Mat@cv@@QEAA@HHHPEAX_K@Z)
4_2_1.obj : error LNK2019: 在函式 "public: __cdecl cv::Mat::~Mat(void)" (??1Mat@cv@@QEAA@XZ)"public: void __cdecl W::MY_HW4::HW4_2_1(void)" (?HW4_2_1@MY_HW4@W@@QEAAXXZ) 中參考了無法解析的外部符號
4_3.obj : error LNK2001: 無法解析的外部符號 "public: __cdecl cv::Mat::~Mat(void)" (??1Mat@cv@@QEAA@XZ)
4_2_1.obj : error LNK2019: 在函式 "void __cdecl cv::normalize(class cv::debug_build_guard::_InputArray const &,class cv::debug_build_guard::_InputOutputArray const &,double,double,int,int,class cv::debug_build_guard::_InputArray const &)" (?normalize@cv@@YAXAEBV_InputArray@debug_build_guard@1@AEBV_InputOutputArray@31@NNHH0@Z)"public: void __cdecl W::MY_HW4::HW4_2_1(void)" (?HW4_2_1@MY_HW4@W@@QEAAXXZ) 中參考了無法解析的外部符號
4_3.obj : error LNK2001: 無法解析的外部符號 "void __cdecl cv::normalize(class cv::debug_build_guard::_InputArray const &,class cv::debug_build_guard::_InputOutputArray const &,double,double,int,int,class cv::debug_build_guard::_InputArray const &)" (?normalize@cv@@YAXAEBV_InputArray@debug_build_guard@1@AEBV_InputOutputArray@31@NNHH0@Z)
4_2_1.obj : error LNK2019: 在函式 "void __cdecl cv::destroyAllWindows(void)" (?destroyAllWindows@cv@@YAXXZ)"public: void __cdecl W::MY_HW4::HW4_2_1(void)" (?HW4_2_1@MY_HW4@W@@QEAAXXZ) 中參考了無法解析的外部符號
4_3.obj : error LNK2001: 無法解析的外部符號 "void __cdecl cv::destroyAllWindows(void)" (?destroyAllWindows@cv@@YAXXZ)
4_2_1.obj : error LNK2019: 在函式 "int __cdecl cv::waitKey(int)" (?waitKey@cv@@YAHH@Z)"public: void __cdecl W::MY_HW4::HW4_2_1(void)" (?HW4_2_1@MY_HW4@W@@QEAAXXZ) 中參考了無法解析的外部符號
4_3.obj : error LNK2001: 無法解析的外部符號 "int __cdecl cv::waitKey(int)" (?waitKey@cv@@YAHH@Z)
4_2_1.obj : error LNK2019: 在函式 "void __cdecl cv::line(class cv::debug_build_guard::_InputOutputArray const &,class cv::Point_<int>,class cv::Point_<int>,class cv::Scalar_<double> const &,int,int,int)" (?line@cv@@YAXAEBV_InputOutputArray@debug_build_guard@1@V?$Point_@H@1@1AEBV?$Scalar_@N@1@HHH@Z)"public: void __cdecl W::MY_HW4::HW4_2_1(void)" (?HW4_2_1@MY_HW4@W@@QEAAXXZ) 中參考了無法解析的外部符號
4_3.obj : error LNK2001: 無法解析的外部符號 "void __cdecl cv::line(class cv::debug_build_guard::_InputOutputArray const &,class cv::Point_<int>,class cv::Point_<int>,class cv::Scalar_<double> const &,int,int,int)" (?line@cv@@YAXAEBV_InputOutputArray@debug_build_guard@1@V?$Point_@H@1@1AEBV?$Scalar_@N@1@HHH@Z)
opencv_world460d.lib : fatal error LNK1120: 9 個無法解析的外部符號
