  5_4.cpp
C:\VS_Library\opencv\build\include\opencv2\core.hpp(1746,1): warning C4819: 檔案含有無法在目前字碼頁 (950) 中表示的字元。請以 Unicode 格式儲存檔案以防止資料遺失
C:\VS_Library\opencv\build\include\opencv2\core.hpp(1746,1): warning C4819: 檔案含有無法在目前字碼頁 (950) 中表示的字元。請以 Unicode 格式儲存檔案以防止資料遺失
C:\VS_Library\opencv\build\include\opencv2\core.hpp(1746,1): warning C4819: 檔案含有無法在目前字碼頁 (950) 中表示的字元。請以 Unicode 格式儲存檔案以防止資料遺失
C:\Users\User\source\repos\ADIP_HW5\ADIP_HW5\5_4.cpp(50,24): warning C4244: '正在初始化': 將 'int' 轉換為 'float'，由於類型不同，可能導致資料遺失
C:\Users\User\source\repos\ADIP_HW5\ADIP_HW5\5_4.cpp(51,24): warning C4244: '正在初始化': 將 'int' 轉換為 'float'，由於類型不同，可能導致資料遺失
C:\Users\User\source\repos\ADIP_HW5\ADIP_HW5\5_4.cpp(56,83): warning C4244: '=': 將 'double' 轉換為 '_Tp'，由於類型不同，可能導致資料遺失
          with
          [
              _Tp=float
          ]
C:\Users\User\source\repos\ADIP_HW5\ADIP_HW5\5_4.cpp(45,12): warning C4101: 'a': 未參考的區域變數
C:\Users\User\source\repos\ADIP_HW5\ADIP_HW5\5_4.cpp(44,19): warning C4101: 'ans': 未參考的區域變數
C:\Users\User\source\repos\ADIP_HW5\ADIP_HW5\5_4.cpp(306,31): warning C4244: '=': 將 'double' 轉換為 'float'，由於類型不同，可能導致資料遺失
C:\Users\User\source\repos\ADIP_HW5\ADIP_HW5\5_4.cpp(308,39): warning C4244: '=': 將 'float' 轉換為 'unsigned char'，由於類型不同，可能導致資料遺失
C:\Users\User\source\repos\ADIP_HW5\ADIP_HW5\5_4.cpp(231,12): warning C4101: 'HW5': 未參考的區域變數
C:\Users\User\source\repos\ADIP_HW5\ADIP_HW5\5_4.cpp(248,11): warning C4101: 'img_input': 未參考的區域變數
C:\Users\User\source\repos\ADIP_HW5\ADIP_HW5\5_4.cpp(247,19): warning C4101: 'img3_1': 未參考的區域變數
C:\Users\User\source\repos\ADIP_HW5\ADIP_HW5\5_4.cpp(245,19): warning C4101: 'img1_1': 未參考的區域變數
C:\Users\User\source\repos\ADIP_HW5\ADIP_HW5\5_4.cpp(246,19): warning C4101: 'img2_1': 未參考的區域變數
  正在產生程式碼
  2 of 166 functions ( 1.2%) were compiled, the rest were copied from previous compilation.
    0 functions were new in current compilation
    0 functions had inline decision re-evaluated but remain unchanged
  已完成程式碼產生
  ADIP_HW5.vcxproj -> C:\Users\User\source\repos\ADIP_HW5\x64\Release\ADIP_HW5.exe
