#-----------------------------------------------------------
# Vivado v2018.3 (64-bit)
# SW Build 2405991 on Thu Dec  6 23:38:27 MST 2018
# IP Build 2404404 on Fri Dec  7 01:43:56 MST 2018
# Start of session at: Fri Jun  7 15:39:50 2019
# Process ID: 16492
# Current directory: C:/Users/yuchin/Desktop/final
# Command line: vivado.exe -gui_launcher_event rodinguilauncherevent12108 C:\Users\yuchin\Desktop\final\final.xpr
# Log file: C:/Users/yuchin/Desktop/final/vivado.log
# Journal file: C:/Users/yuchin/Desktop/final\vivado.jou
#-----------------------------------------------------------
start_guioopen_project C:/Users/yuchin/Desktop/final/final.xprIINFO: [Project 1-313] Project file moved from 'D:/final' since last save.CRITICAL WARNING: [Project 1-311] Could not find the file 'C:/Users/yuchin/Desktop/OS/Desktop/a004.coe', nor could it be found using path 'D:/OS/Desktop/a004.coe'.
CCRITICAL WARNING: [Project 1-311] Could not find the file 'C:/Users/yuchin/Desktop/OS/Desktop/fire.coe', nor could it be found using path 'D:/OS/Desktop/fire.coe'.Scanning sources...
FFinished scanning sourcesINFO: [IP_Flow 19-234] Refreshing IP repositories
INFO: [IP_Flow 19-1704] No user IP repositories specified
INFO: [IP_Flow 19-2313] Loaded Vivado IP repository 'C:/Xilinx/Vivado/2018.3/data/ip'.
open_project: Time (s): cpu = 00:00:19 ; elapsed = 00:00:27 . Memory (MB): peak = 749.855 ; gain = 165.680
update_compile_order -fileset sources_1
exit
INFO: [Common 17-206] Exiting Vivado at Fri Jun  7 15:45:40 2019...
4067] Ignoring invalid widget type specified checkbox.Providing a default widget
WARNING: [IP_Flow 19-4067] Ignoring invalid widget type specified checkbox.Providing a default widget
INFO: [IP_Flow 19-3484] Absolute path of file 'c:/Users/yuchin/Documents/MATLAB/a004.coe' provided. It will be converted relative to IP Instance files '../../../../../../Documents/MATLAB/a004.coe'
set_property -dict [list CONFIG.Coe_File {C:/Users/yuchin/Documents/MATLAB/a004.coe}] [get_ips ROM1]
INFO: [IP_Flow 19-3484] Absolute path of file 'c:/Users/yuchin/Documents/MATLAB/a004.coe' provided. It will be converted relative to IP Instance files '../../../../../../Documents/MATLAB/a004.coe'
generate_target all [get_files  C:/Users/yuchin/Desktop/final/final.srcs/sources_1/ip/ROM1/ROM1.xci]
INFO: [IP_Flow 19-1686] Generating 'Instantiation Template' target for IP 'ROM1'...
INFO: [IP_Flow 19-1686] Generating 'Synthesis' target for IP 'ROM1'...
INFO: [IP_Flow 19-1686] Generating 'Simulation' target for IP 'ROM1'...
INFO: [IP_Flow 19-1686] Generating 'Miscellaneous' target for IP 'ROM1'...
INFO: [IP_Flow 19-1686] Generating 'Change Log' target for IP 'ROM1'...
catch { config_ip_cache -export [get_ips -all ROM1] }
export_ip_user_files -of_objects [get_files C:/Users/yuchin/Desktop/final/final.srcs/sources_1/ip/ROM1/ROM1.xci] -no_script -sync -force -quiet
reset_run ROM1_synth_1
launch_runs -jobs 4 ROM1_synth_1
[Fri Jun  7 15:46:36 2019] Launched ROM1_synth_1...
Run output will be captured here: C:/Users/yuchin/Desktop/final/final.runs/ROM1_synth_1/runme.log
export_simulation -of_objects [get_files C:/Users/yuchin/Desktop/final/final.srcs/sources_1/ip/ROM1/ROM1.xci] -directory C:/Users/yuchin/Desktop/final/final.ip_user_files/sim_scripts -ip_user_files_dir C:/Users/yuchin/Desktop/final/final.ip_user_files -ipstatic_source_dir C:/Users/yuchin/Desktop/final/final.ip_user_files/ipstatic -lib_map_path [list {modelsim=C:/Users/yuchin/Desktop/final/final.cache/compile_simlib/modelsim} {questa=C:/Users/yuchin/Desktop/final/final.cache/compile_simlib/questa} {riviera=C:/Users/yuchin/Desktop/final/final.cache/compile_simlib/riviera} {activehdl=C:/Users/yuchin/Desktop/final/final.cache/compile_simlib/activehdl}] -use_ip_compiled_libs -force -quiet
WARNING: [IP_Flow 19-4067] Ignoring invalid widget type specified checkbox.Providing a default widget
WARNING: [IP_Flow 19-4067] Ignoring invalid widget type specified checkbox.Providing a default widget
INFO: [IP_Flow 19-3484] Absolute path of file 'c:/Users/yuchin/Documents/MATLAB/fire.coe' provided. It will be converted relative to IP Instance files '../../../../../../Documents/MATLAB/fire.coe'
set_property -dict [list CONFIG.Coe_File {C:/Users/yuchin/Documents/MATLAB/fire.coe}] [get_ips ROM2]
INFO: [IP_Flow 19-3484] Absolute path of file 'c:/Users/yuchin/Documents/MATLAB/fire.coe' provided. It will be converted relative to IP Instance files '../../../../../../Documents/MATLAB/fire.coe'
generate_target all [get_files  C:/Users/yuchin/Desktop/final/final.srcs/sources_1/ip/ROM2/ROM2.xci]
INFO: [IP_Flow 19-1686] Generating 'Instantiation Template' target for IP 'ROM2'...
INFO: [IP_Flow 19-1686] Generating 'Synthesis' target for IP 'ROM2'...
INFO: [IP_Flow 19-1686] Generating 'Simulation' target for IP 'ROM2'...
INFO: [IP_Flow 19-1686] Generating 'Miscellaneous' target for IP 'ROM2'...
INFO: [IP_Flow 19-1686] Generating 'Change Log' target for IP 'ROM2'...
catch { config_ip_cache -export [get_ips -all ROM2] }
export_ip_user_files -of_objects [get_files C:/Users/yuchin/Desktop/final/final.srcs/sources_1/ip/ROM2/ROM2.xci] -no_script -sync -force -quiet
reset_run ROM2_synth_1
WARNING: [Vivado 12-1017] Problems encountered:
1. Failed to delete one or more files in run directory C:/Users/yuchin/Desktop/final/final.runs/ROM2_synth_1

launch_runs -jobs 4 ROM2_synth_1
[Fri Jun  7 15:48:45 2019] Launched ROM2_synth_1...
Run output will be captured here: C:/Users/yuchin/Desktop/final/final.runs/ROM2_synth_1/runme.log
export_simulation -of_objects [get_files C:/Users/yuchin/Desktop/final/final.srcs/sources_1/ip/ROM2/ROM2.xci] -directory C:/Users/yuchin/Desktop/final/final.ip_user_files/sim_scripts -ip_user_files_dir C:/Users/yuchin/Desktop/final/final.ip_user_files -ipstatic_source_dir C:/Users/yuchin/Desktop/final/final.ip_user_files/ipstatic -lib_map_path [list {modelsim=C:/Users/yuchin/Desktop/final/final.cache/compile_simlib/modelsim} {questa=C:/Users/yuchin/Desktop/final/final.cache/compile_simlib/questa} {riviera=C:/Users/yuchin/Desktop/final/final.cache/compile_simlib/riviera} {activehdl=C:/Users/yuchin/Desktop/final/final.cache/compile_simlib/activehdl}] -use_ip_compiled_libs -force -quiet
reset_run synth_1
launch_runs synth_1 -jobs 4
[Fri Jun  7 16:12:13 2019] Launched synth_1...
Run output will be captured here: C:/Users/yuchin/Desktop/final/final.runs/synth_1/runme.log
WARNING: [IP_Flow 19-4067] Ignoring invalid widget type specified checkbox.Providing a default widget
WARNING: [IP_Flow 19-4067] Ignoring invalid widget type specified checkbox.Providing a default widget
WARNING: [IP_Flow 19-4067] Ignoring invalid widget type specified checkbox.Providing a default widget
WARNING: [IP_Flow 19-4067] Ignoring invalid widget type specified checkbox.Providing a default widget
exit
INFO: [Common 17-206] Exiting Vivado at Fri Jun  7 16:13:24 2019...
