  4_1_1.cpp
  4_1_2.cpp
C:\Users\User\source\repos\ADIP_HW4\ADIP_HW4\4_1_2.cpp(15,12): warning C4101: 'HW4': 未參考的區域變數
C:\Users\User\source\repos\ADIP_HW4\ADIP_HW4\4_1_2.cpp(20,25): warning C4101: 'input_file2': 未參考的區域變數
C:\Users\User\source\repos\ADIP_HW4\ADIP_HW4\4_1_2.cpp(34,19): warning C4101: 'img_output2': 未參考的區域變數
C:\Users\User\source\repos\ADIP_HW4\ADIP_HW4\4_1_2.cpp(129,12): warning C4101: 'HW4': 未參考的區域變數
C:\Users\User\source\repos\ADIP_HW4\ADIP_HW4\4_1_2.cpp(135,42): warning C4101: 'output_file3': 未參考的區域變數
C:\Users\User\source\repos\ADIP_HW4\ADIP_HW4\4_1_2.cpp(150,19): warning C4101: 'img_output2': 未參考的區域變數
C:\Users\User\source\repos\ADIP_HW4\ADIP_HW4\4_1_2.cpp(300,45): warning C4244: '=': 將 'double' 轉換為 'unsigned char'，由於類型不同，可能導致資料遺失
C:\Users\User\source\repos\ADIP_HW4\ADIP_HW4\4_1_2.cpp(301,46): warning C4244: '=': 將 'double' 轉換為 'unsigned char'，由於類型不同，可能導致資料遺失
  4_2_2.cpp
C:\Users\User\source\repos\ADIP_HW4\ADIP_HW4\4_2_2.cpp(280,86): warning C4244: '=': 將 'double' 轉換為 'unsigned char'，由於類型不同，可能導致資料遺失
C:\Users\User\source\repos\ADIP_HW4\ADIP_HW4\4_2_2.cpp(290,86): warning C4244: '=': 將 'double' 轉換為 'unsigned char'，由於類型不同，可能導致資料遺失
C:\Users\User\source\repos\ADIP_HW4\ADIP_HW4\4_2_2.cpp(298,86): warning C4244: '=': 將 'double' 轉換為 'unsigned char'，由於類型不同，可能導致資料遺失
C:\Users\User\source\repos\ADIP_HW4\ADIP_HW4\4_2_2.cpp(306,90): warning C4244: '=': 將 'double' 轉換為 'unsigned char'，由於類型不同，可能導致資料遺失
C:\Users\User\source\repos\ADIP_HW4\ADIP_HW4\4_2_2.cpp(314,90): warning C4244: '=': 將 'double' 轉換為 'unsigned char'，由於類型不同，可能導致資料遺失
C:\Users\User\source\repos\ADIP_HW4\ADIP_HW4\4_2_2.cpp(322,90): warning C4244: '=': 將 'double' 轉換為 'unsigned char'，由於類型不同，可能導致資料遺失
  4_2_3.cpp
C:\Users\User\source\repos\ADIP_HW4\ADIP_HW4\4_2_3.cpp(19,25): warning C4101: 'input_file2': 未參考的區域變數
C:\Users\User\source\repos\ADIP_HW4\ADIP_HW4\4_2_3.cpp(31,19): warning C4101: 'imgOUT2': 未參考的區域變數
  4_3.cpp
C:\VS_Library\opencv\build\include\opencv2\core.hpp(1746,1): warning C4819: 檔案含有無法在目前字碼頁 (950) 中表示的字元。請以 Unicode 格式儲存檔案以防止資料遺失
C:\VS_Library\opencv\build\include\opencv2\core.hpp(1746,1): warning C4819: 檔案含有無法在目前字碼頁 (950) 中表示的字元。請以 Unicode 格式儲存檔案以防止資料遺失
C:\VS_Library\opencv\build\include\opencv2\core.hpp(1746,1): warning C4819: 檔案含有無法在目前字碼頁 (950) 中表示的字元。請以 Unicode 格式儲存檔案以防止資料遺失
C:\VS_Library\opencv\build\include\opencv2\calib3d.hpp(1,1): warning C4819: 檔案含有無法在目前字碼頁 (950) 中表示的字元。請以 Unicode 格式儲存檔案以防止資料遺失
C:\Users\User\source\repos\ADIP_HW4\ADIP_HW4\4_3.cpp(92,48): warning C4244: '引數': 將 '_Tp' 轉換為 '_Tp'，由於類型不同，可能導致資料遺失
          with
          [
              _Tp=double
          ]
          and
          [
              _Tp=int
          ]
C:\Users\User\source\repos\ADIP_HW4\ADIP_HW4\4_3.cpp(310,49): warning C4244: '引數': 將 '_Tp' 轉換為 '_Tp'，由於類型不同，可能導致資料遺失
          with
          [
              _Tp=double
          ]
          and
          [
              _Tp=int
          ]
C:\Users\User\source\repos\ADIP_HW4\ADIP_HW4\4_3.cpp(367,49): warning C4244: '引數': 將 '_Tp' 轉換為 '_Tp'，由於類型不同，可能導致資料遺失
          with
          [
              _Tp=double
          ]
          and
          [
              _Tp=int
          ]
C:\Users\User\source\repos\ADIP_HW4\ADIP_HW4\4_3.cpp(414,49): warning C4244: '引數': 將 '_Tp' 轉換為 '_Tp'，由於類型不同，可能導致資料遺失
          with
          [
              _Tp=double
          ]
          and
          [
              _Tp=int
          ]
C:\Users\User\source\repos\ADIP_HW4\ADIP_HW4\4_3.cpp(25,42): warning C4101: 'output_file3': 未參考的區域變數
C:\Users\User\source\repos\ADIP_HW4\ADIP_HW4\4_3.cpp(24,25): warning C4101: 'input_file2': 未參考的區域變數
C:\Users\User\source\repos\ADIP_HW4\ADIP_HW4\4_3.cpp(25,26): warning C4101: 'output_file2': 未參考的區域變數
  正在產生程式碼
  18 of 124 functions (14.5%) were compiled, the rest were copied from previous compilation.
    0 functions were new in current compilation
    0 functions had inline decision re-evaluated but remain unchanged
  已完成程式碼產生
  ADIP_HW4.vcxproj -> C:\Users\User\source\repos\ADIP_HW4\x64\Release\ADIP_HW4.exe
